0 info it worked if it ends with ok
1 verbose cli [ 'D:\\Program Files\\nodejs\\node.exe',
1 verbose cli   'D:\\Program Files\\nodejs\\node_modules\\npm\\bin\\npm-cli.js',
1 verbose cli   'run',
1 verbose cli   'start',
1 verbose cli   '--scripts-prepend-node-path=auto' ]
2 info using npm@3.10.10
3 info using node@v6.11.2
4 verbose run-script [ 'prestart', 'start', 'poststart' ]
5 info lifecycle data-api@1.0.0~prestart: data-api@1.0.0
6 silly lifecycle data-api@1.0.0~prestart: no script for prestart, continuing
7 info lifecycle data-api@1.0.0~start: data-api@1.0.0
8 verbose lifecycle data-api@1.0.0~start: unsafe-perm in lifecycle true
9 verbose lifecycle data-api@1.0.0~start: PATH: D:\Program Files\nodejs\node_modules\npm\bin\node-gyp-bin;C:\Users\MAWood-GPC\WebstormProjects\data_api\node_modules\.bin;D:\Program Files (x86)\STMicroelectronics\st_toolset\asm;C:\Program Files (x86)\STMicroelectronics\st_toolset\asm;C:\ProgramData\Oracle\Java\javapath;C:\Windows\system32;C:\Windows;C:\Windows\System32\Wbem;C:\Windows\System32\WindowsPowerShell\v1.0\;C:\Program Files\Git\cmd;C:\Program Files (x86)\GtkSharp\2.12\bin;C:\Program Files (x86)\NVIDIA Corporation\PhysX\Common;C:\Program Files (x86)\Skype\Phone\;C:\WINDOWS\system32;C:\WINDOWS;C:\WINDOWS\System32\Wbem;C:\WINDOWS\System32\WindowsPowerShell\v1.0\;C:\Program Files\FileBot\;D:\Program Files\nodejs\;C:\Users\MAWood-GPC\AppData\Local\Programs\Python\Python35\;C:\Users\MAWood-GPC\AppData\Local\Programs\Python\Python36-32\Scripts\;C:\Users\MAWood-GPC\AppData\Local\Programs\Python\Python36-32\;C:\Users\MAWood-GPC\AppData\Local\Microsoft\WindowsApps;C:\Program Files (x86)\COSMIC\CXSTM8_EVAL;C:\Users\MAWood-GPC\AppData\Roaming\Dashlane\4.8.6.35647\bin\Firefox_Extension\{442718d9-475e-452a-b3e1-fb1ee16b8e9f}\components;C:\Users\MAWood-GPC\AppData\Roaming\Dashlane\4.8.6.35647\ucrt;C:\Users\MAWood-GPC\AppData\Roaming\npm
10 verbose lifecycle data-api@1.0.0~start: CWD: C:\Users\MAWood-GPC\WebstormProjects\data_api
11 silly lifecycle data-api@1.0.0~start: Args: [ '/d /s /c', 'node server.js' ]
12 silly lifecycle data-api@1.0.0~start: Returned: code: 1  signal: null
13 info lifecycle data-api@1.0.0~start: Failed to exec start script
14 verbose stack Error: data-api@1.0.0 start: `node server.js`
14 verbose stack Exit status 1
14 verbose stack     at EventEmitter.<anonymous> (D:\Program Files\nodejs\node_modules\npm\lib\utils\lifecycle.js:255:16)
14 verbose stack     at emitTwo (events.js:106:13)
14 verbose stack     at EventEmitter.emit (events.js:191:7)
14 verbose stack     at ChildProcess.<anonymous> (D:\Program Files\nodejs\node_modules\npm\lib\utils\spawn.js:40:14)
14 verbose stack     at emitTwo (events.js:106:13)
14 verbose stack     at ChildProcess.emit (events.js:191:7)
14 verbose stack     at maybeClose (internal/child_process.js:891:16)
14 verbose stack     at Process.ChildProcess._handle.onexit (internal/child_process.js:226:5)
15 verbose pkgid data-api@1.0.0
16 verbose cwd C:\Users\MAWood-GPC\WebstormProjects\data_api
17 error Windows_NT 10.0.15063
18 error argv "D:\\Program Files\\nodejs\\node.exe" "D:\\Program Files\\nodejs\\node_modules\\npm\\bin\\npm-cli.js" "run" "start" "--scripts-prepend-node-path=auto"
19 error node v6.11.2
20 error npm  v3.10.10
21 error code ELIFECYCLE
22 error data-api@1.0.0 start: `node server.js`
22 error Exit status 1
23 error Failed at the data-api@1.0.0 start script 'node server.js'.
23 error Make sure you have the latest version of node.js and npm installed.
23 error If you do, this is most likely a problem with the data-api package,
23 error not with npm itself.
23 error Tell the author that this fails on your system:
23 error     node server.js
23 error You can get information on how to open an issue for this project with:
23 error     npm bugs data-api
23 error Or if that isn't available, you can get their info via:
23 error     npm owner ls data-api
23 error There is likely additional logging output above.
24 verbose exit [ 1, true ]
